2018-10-16 10:57:04.361  INFO 11924 --- [main] org.johnny.h2test.repository.DbTester    : Starting DbTester on BMD3-W7 with PID 11924 (started by z.xin in C:\Users\z.xin\IdeaProjects\h2test)
2018-10-16 10:57:04.374  INFO 11924 --- [main] org.johnny.h2test.repository.DbTester    : No active profile set, falling back to default profiles: default
2018-10-16 10:57:04.424  INFO 11924 --- [main] o.s.w.c.s.GenericWebApplicationContext   : Refreshing org.springframework.web.context.support.GenericWebApplicationContext@15a34df2: startup date [Tue Oct 16 10:57:04 CEST 2018]; root of context hierarchy
2018-10-16 10:57:07.239  INFO 11924 --- [main] trationDelegate$BeanPostProcessorChecker : Bean 'org.springframework.transaction.annotation.ProxyTransactionManagementConfiguration' of type [org.springframework.transaction.annotation.ProxyTransactionManagementConfiguration$$EnhancerBySpringCGLIB$$12c1bb6f] is not eligible for getting processed by all BeanPostProcessors (for example: not eligible for auto-proxying)
2018-10-16 10:57:07.611  INFO 11924 --- [main] com.zaxxer.hikari.HikariDataSource       : HikariPool-1 - Starting...
2018-10-16 10:57:08.078  INFO 11924 --- [main] com.zaxxer.hikari.HikariDataSource       : HikariPool-1 - Start completed.
2018-10-16 10:57:08.446  INFO 11924 --- [main] j.LocalContainerEntityManagerFactoryBean : Building JPA container EntityManagerFactory for persistence unit 'default'
2018-10-16 10:57:08.541  INFO 11924 --- [main] o.hibernate.jpa.internal.util.LogHelper  : HHH000204: Processing PersistenceUnitInfo [
	name: default
	...]
2018-10-16 10:57:08.892  INFO 11924 --- [main] org.hibernate.Version                    : HHH000412: Hibernate Core {5.2.17.Final}
2018-10-16 10:57:08.895  INFO 11924 --- [main] org.hibernate.cfg.Environment            : HHH000206: hibernate.properties not found
2018-10-16 10:57:09.094  INFO 11924 --- [main] o.hibernate.annotations.common.Version   : HCANN000001: Hibernate Commons Annotations {5.0.1.Final}
2018-10-16 10:57:09.532  INFO 11924 --- [main] org.hibernate.dialect.Dialect            : HHH000400: Using dialect: org.hibernate.dialect.H2Dialect
2018-10-16 10:57:09.796  INFO 11924 --- [main] o.h.e.boot.internal.EnversServiceImpl    : Envers integration enabled? : true
2018-10-16 10:57:16.076  INFO 11924 --- [main] o.h.t.schema.internal.SchemaCreatorImpl  : HHH000476: Executing import script 'org.hibernate.tool.schema.internal.exec.ScriptSourceInputNonExistentImpl@5396eeb1'
2018-10-16 10:57:16.083  INFO 11924 --- [main] j.LocalContainerEntityManagerFactoryBean : Initialized JPA EntityManagerFactory for persistence unit 'default'
2018-10-16 10:57:16.532  INFO 11924 --- [main] o.s.w.s.handler.SimpleUrlHandlerMapping  : Mapped URL path [/**/favicon.ico] onto handler of type [class org.springframework.web.servlet.resource.ResourceHttpRequestHandler]
2018-10-16 10:57:16.913  INFO 11924 --- [main] o.s.jdbc.datasource.init.ScriptUtils     : Executing SQL script from class path resource [db/data.sql]
2018-10-16 10:57:16.919  INFO 11924 --- [main] o.s.jdbc.datasource.init.ScriptUtils     : Executed SQL script from class path resource [db/data.sql] in 6 ms.
2018-10-16 10:57:17.383  INFO 11924 --- [main] s.w.s.m.m.a.RequestMappingHandlerAdapter : Looking for @ControllerAdvice: org.springframework.web.context.support.GenericWebApplicationContext@15a34df2: startup date [Tue Oct 16 10:57:04 CEST 2018]; root of context hierarchy
2018-10-16 10:57:18.015  WARN 11924 --- [main] aWebConfiguration$JpaWebMvcConfiguration : spring.jpa.open-in-view is enabled by default. Therefore, database queries may be performed during view rendering. Explicitly configure spring.jpa.open-in-view to disable this warning
2018-10-16 10:57:18.079  INFO 11924 --- [main] s.w.s.m.m.a.RequestMappingHandlerMapping : Mapped "{[/hello],methods=[GET]}" onto public java.lang.String org.johnny.h2test.controller.HelloController.hello(javax.servlet.http.HttpServletRequest)
2018-10-16 10:57:18.088  INFO 11924 --- [main] s.w.s.m.m.a.RequestMappingHandlerMapping : Mapped "{[/error]}" onto public org.springframework.http.ResponseEntity<java.util.Map<java.lang.String, java.lang.Object>> org.springframework.boot.autoconfigure.web.servlet.error.BasicErrorController.error(javax.servlet.http.HttpServletRequest)
2018-10-16 10:57:18.089  INFO 11924 --- [main] s.w.s.m.m.a.RequestMappingHandlerMapping : Mapped "{[/error],produces=[text/html]}" onto public org.springframework.web.servlet.ModelAndView org.springframework.boot.autoconfigure.web.servlet.error.BasicErrorController.errorHtml(javax.servlet.http.HttpServletRequest,javax.servlet.http.HttpServletResponse)
2018-10-16 10:57:18.146  INFO 11924 --- [main] o.s.w.s.handler.SimpleUrlHandlerMapping  : Mapped URL path [/webjars/**] onto handler of type [class org.springframework.web.servlet.resource.ResourceHttpRequestHandler]
2018-10-16 10:57:18.146  INFO 11924 --- [main] o.s.w.s.handler.SimpleUrlHandlerMapping  : Mapped URL path [/**] onto handler of type [class org.springframework.web.servlet.resource.ResourceHttpRequestHandler]
2018-10-16 10:57:18.539  INFO 11924 --- [main] org.johnny.h2test.repository.DbTester    : Started DbTester in 15.753 seconds (JVM running for 17.746)
2018-10-16 10:57:18.665  INFO 11924 --- [main] o.s.t.c.transaction.TransactionContext   : Began transaction (1) for test context [DefaultTestContext@dd05255 testClass = DbTester, testInstance = org.johnny.h2test.repository.DbTester@21280cbb, testMethod = test@DbTester, testException = [null], mergedContextConfiguration = [WebMergedContextConfiguration@6a78afa0 testClass = DbTester, locations = '{}', classes = '{class org.johnny.h2test.Application}', contextInitializerClasses = '[]', activeProfiles = '{}', propertySourceLocations = '{}', propertySourceProperties = '{org.springframework.boot.test.context.SpringBootTestContextBootstrapper=true}', contextCustomizers = set[org.springframework.boot.test.context.filter.ExcludeFilterContextCustomizer@77ec78b9, org.springframework.boot.test.json.DuplicateJsonObjectContextCustomizerFactory$DuplicateJsonObjectContextCustomizer@77f99a05, org.springframework.boot.test.mock.mockito.MockitoContextCustomizer@0, org.springframework.boot.test.web.client.TestRestTemplateContextCustomizer@569cfc36, org.springframework.boot.test.autoconfigure.properties.PropertyMappingContextCustomizer@0, org.springframework.boot.test.autoconfigure.web.servlet.WebDriverContextCustomizerFactory$Customizer@2de8284b], resourceBasePath = 'src/main/webapp', contextLoader = 'org.springframework.boot.test.context.SpringBootContextLoader', parent = [null]], attributes = map['org.springframework.test.context.web.ServletTestExecutionListener.activateListener' -> true, 'org.springframework.test.context.web.ServletTestExecutionListener.populatedRequestContextHolder' -> true, 'org.springframework.test.context.web.ServletTestExecutionListener.resetRequestContextHolder' -> true]]; transaction manager [org.springframework.orm.jpa.JpaTransactionManager@25fd6d1e]; rollback [true]
2018-10-16 10:57:18.833  INFO 11924 --- [main] o.s.t.c.transaction.TransactionContext   : Rolled back transaction for test: [DefaultTestContext@dd05255 testClass = DbTester, testInstance = org.johnny.h2test.repository.DbTester@21280cbb, testMethod = test@DbTester, testException = [null], mergedContextConfiguration = [WebMergedContextConfiguration@6a78afa0 testClass = DbTester, locations = '{}', classes = '{class org.johnny.h2test.Application}', contextInitializerClasses = '[]', activeProfiles = '{}', propertySourceLocations = '{}', propertySourceProperties = '{org.springframework.boot.test.context.SpringBootTestContextBootstrapper=true}', contextCustomizers = set[org.springframework.boot.test.context.filter.ExcludeFilterContextCustomizer@77ec78b9, org.springframework.boot.test.json.DuplicateJsonObjectContextCustomizerFactory$DuplicateJsonObjectContextCustomizer@77f99a05, org.springframework.boot.test.mock.mockito.MockitoContextCustomizer@0, org.springframework.boot.test.web.client.TestRestTemplateContextCustomizer@569cfc36, org.springframework.boot.test.autoconfigure.properties.PropertyMappingContextCustomizer@0, org.springframework.boot.test.autoconfigure.web.servlet.WebDriverContextCustomizerFactory$Customizer@2de8284b], resourceBasePath = 'src/main/webapp', contextLoader = 'org.springframework.boot.test.context.SpringBootContextLoader', parent = [null]], attributes = map['org.springframework.test.context.web.ServletTestExecutionListener.activateListener' -> true, 'org.springframework.test.context.web.ServletTestExecutionListener.populatedRequestContextHolder' -> true, 'org.springframework.test.context.web.ServletTestExecutionListener.resetRequestContextHolder' -> true]]
2018-10-16 10:57:18.876  INFO 11924 --- [Thread-3] o.s.w.c.s.GenericWebApplicationContext   : Closing org.springframework.web.context.support.GenericWebApplicationContext@15a34df2: startup date [Tue Oct 16 10:57:04 CEST 2018]; root of context hierarchy
2018-10-16 10:57:18.881  INFO 11924 --- [Thread-3] j.LocalContainerEntityManagerFactoryBean : Closing JPA EntityManagerFactory for persistence unit 'default'
2018-10-16 10:57:18.885  WARN 11924 --- [Thread-3] o.s.b.f.support.DisposableBeanAdapter    : Invocation of destroy method failed on bean with name 'inMemoryDatabaseShutdownExecutor': org.h2.jdbc.JdbcSQLException: Die Datenbank wurde bereits geschlossen (um das automatische Schliessen beim Stopp der VM zu deaktivieren, die Datenbank URL mit ";DB_CLOSE_ON_EXIT=FALSE" ergänzen)
Database is already closed (to disable automatic closing at VM shutdown, add ";DB_CLOSE_ON_EXIT=FALSE" to the db URL) [90121-197]
2018-10-16 10:57:18.885  INFO 11924 --- [Thread-3] com.zaxxer.hikari.HikariDataSource       : HikariPool-1 - Shutdown initiated...
2018-10-16 10:57:19.091  INFO 11924 --- [Thread-3] com.zaxxer.hikari.HikariDataSource       : HikariPool-1 - Shutdown completed.
2018-10-16 10:57:40.268  INFO 10992 --- [restartedMain] org.johnny.h2test.Application            : Starting Application on BMD3-W7 with PID 10992 (C:\Users\z.xin\IdeaProjects\h2test\target\classes started by z.xin in C:\Users\z.xin\IdeaProjects\h2test)
2018-10-16 10:57:40.272  INFO 10992 --- [restartedMain] org.johnny.h2test.Application            : No active profile set, falling back to default profiles: default
2018-10-16 10:57:40.525  INFO 10992 --- [restartedMain] ConfigServletWebServerApplicationContext : Refreshing org.springframework.boot.web.servlet.context.AnnotationConfigServletWebServerApplicationContext@3f7d8e94: startup date [Tue Oct 16 10:57:40 CEST 2018]; root of context hierarchy
2018-10-16 10:57:43.167  INFO 10992 --- [restartedMain] trationDelegate$BeanPostProcessorChecker : Bean 'org.springframework.transaction.annotation.ProxyTransactionManagementConfiguration' of type [org.springframework.transaction.annotation.ProxyTransactionManagementConfiguration$$EnhancerBySpringCGLIB$$c829bc51] is not eligible for getting processed by all BeanPostProcessors (for example: not eligible for auto-proxying)
2018-10-16 10:57:44.565  INFO 10992 --- [restartedMain] o.s.b.w.embedded.tomcat.TomcatWebServer  : Tomcat initialized with port(s): 8080 (http)
2018-10-16 10:57:44.820  INFO 10992 --- [restartedMain] o.apache.catalina.core.StandardService   : Starting service [Tomcat]
2018-10-16 10:57:44.821  INFO 10992 --- [restartedMain] org.apache.catalina.core.StandardEngine  : Starting Servlet Engine: Apache Tomcat/8.5.34
2018-10-16 10:57:44.843  INFO 10992 --- [localhost-startStop-1] o.a.catalina.core.AprLifecycleListener   : The APR based Apache Tomcat Native library which allows optimal performance in production environments was not found on the java.library.path: [C:\Program Files\Java\jdk1.8.0_162\bin;C:\Windows\Sun\Java\bin;C:\Windows\system32;C:\Windows;C:\python\Scripts\;C:\python\;C:\Program Files (x86)\Python\Scripts\;C:\Program Files (x86)\Python\;C:\Program Files (x86)\Common Files\Oracle\Java\javapath;C:\ProgramData\Oracle\Java\javapath;C:\Program Files\Java\jdk1.8.0_162\bin;C:\Windows\system32;C:\Windows;C:\Windows\System32\Wbem;C:\Windows\System32\WindowsPowerShell\v1.0\;C:\Program Files\Common Files\ThinPrint\;C:\Program Files (x86)\Microsoft SQL Server\80\Tools\Binn\;C:\Program Files (x86)\Kaspersky Lab\Kaspersky Security for Virtualization 4.0 Light Agent\;C:\Program Files\PuTTY\;C:\Program Files\dotnet\;C:\Program Files\mingw-w64\x86_64-7.2.0-win32-sjlj-rt_v5-rev1\mingw64\bin;C:\Windows\Microsoft.NET\Framework64\v4.0.30319;C:\Dropbox\myEnvironmentPath;C:\Dropbox\myEnvironmentPath\jni4net-0.8.8.0-bin\bin;C:\Program Files\Git\cmd;C:\Program Files\TortoiseSVN\bin;C:\Program Files\nodejs\;C:\Program Files\apache-maven-3.5.4\bin;;C:\Program Files\Microsoft VS Code\bin;C:\Users\z.xin\AppData\Roaming\npm;C:\Users\z.xin\AppData\Local\Programs\Microsoft VS Code\bin;.]
2018-10-16 10:57:45.066  INFO 10992 --- [localhost-startStop-1] o.a.c.c.C.[Tomcat].[localhost].[/]       : Initializing Spring embedded WebApplicationContext
2018-10-16 10:57:45.066  INFO 10992 --- [localhost-startStop-1] o.s.web.context.ContextLoader            : Root WebApplicationContext: initialization completed in 4541 ms
2018-10-16 10:57:45.201  INFO 10992 --- [localhost-startStop-1] o.s.b.w.servlet.ServletRegistrationBean  : Servlet dispatcherServlet mapped to [/]
2018-10-16 10:57:45.203  INFO 10992 --- [localhost-startStop-1] o.s.b.w.servlet.ServletRegistrationBean  : Servlet webServlet mapped to [/h2console/*]
2018-10-16 10:57:45.206  INFO 10992 --- [localhost-startStop-1] o.s.b.w.servlet.FilterRegistrationBean   : Mapping filter: 'characterEncodingFilter' to: [/*]
2018-10-16 10:57:45.206  INFO 10992 --- [localhost-startStop-1] o.s.b.w.servlet.FilterRegistrationBean   : Mapping filter: 'hiddenHttpMethodFilter' to: [/*]
2018-10-16 10:57:45.207  INFO 10992 --- [localhost-startStop-1] o.s.b.w.servlet.FilterRegistrationBean   : Mapping filter: 'httpPutFormContentFilter' to: [/*]
2018-10-16 10:57:45.207  INFO 10992 --- [localhost-startStop-1] o.s.b.w.servlet.FilterRegistrationBean   : Mapping filter: 'requestContextFilter' to: [/*]
2018-10-16 10:57:45.481  INFO 10992 --- [restartedMain] com.zaxxer.hikari.HikariDataSource       : HikariPool-1 - Starting...
2018-10-16 10:57:45.681  INFO 10992 --- [restartedMain] com.zaxxer.hikari.HikariDataSource       : HikariPool-1 - Start completed.
2018-10-16 10:57:45.808  INFO 10992 --- [restartedMain] j.LocalContainerEntityManagerFactoryBean : Building JPA container EntityManagerFactory for persistence unit 'default'
2018-10-16 10:57:45.914  INFO 10992 --- [restartedMain] o.hibernate.jpa.internal.util.LogHelper  : HHH000204: Processing PersistenceUnitInfo [
	name: default
	...]
2018-10-16 10:57:46.149  INFO 10992 --- [restartedMain] org.hibernate.Version                    : HHH000412: Hibernate Core {5.2.17.Final}
2018-10-16 10:57:46.152  INFO 10992 --- [restartedMain] org.hibernate.cfg.Environment            : HHH000206: hibernate.properties not found
2018-10-16 10:57:46.258  INFO 10992 --- [restartedMain] o.hibernate.annotations.common.Version   : HCANN000001: Hibernate Commons Annotations {5.0.1.Final}
2018-10-16 10:57:46.508  INFO 10992 --- [restartedMain] org.hibernate.dialect.Dialect            : HHH000400: Using dialect: org.hibernate.dialect.H2Dialect
2018-10-16 10:57:46.628  INFO 10992 --- [restartedMain] o.h.e.boot.internal.EnversServiceImpl    : Envers integration enabled? : true
2018-10-16 10:57:49.612  INFO 10992 --- [restartedMain] o.h.t.schema.internal.SchemaCreatorImpl  : HHH000476: Executing import script 'org.hibernate.tool.schema.internal.exec.ScriptSourceInputNonExistentImpl@4ab6eac2'
2018-10-16 10:57:49.618  INFO 10992 --- [restartedMain] j.LocalContainerEntityManagerFactoryBean : Initialized JPA EntityManagerFactory for persistence unit 'default'
2018-10-16 10:57:49.836  INFO 10992 --- [restartedMain] o.s.w.s.handler.SimpleUrlHandlerMapping  : Mapped URL path [/**/favicon.ico] onto handler of type [class org.springframework.web.servlet.resource.ResourceHttpRequestHandler]
2018-10-16 10:57:50.683  INFO 10992 --- [restartedMain] o.s.jdbc.datasource.init.ScriptUtils     : Executing SQL script from class path resource [db/data.sql]
2018-10-16 10:57:50.689  INFO 10992 --- [restartedMain] o.s.jdbc.datasource.init.ScriptUtils     : Executed SQL script from class path resource [db/data.sql] in 6 ms.
2018-10-16 10:57:51.071  INFO 10992 --- [restartedMain] s.w.s.m.m.a.RequestMappingHandlerAdapter : Looking for @ControllerAdvice: org.springframework.boot.web.servlet.context.AnnotationConfigServletWebServerApplicationContext@3f7d8e94: startup date [Tue Oct 16 10:57:40 CEST 2018]; root of context hierarchy
2018-10-16 10:57:51.128  WARN 10992 --- [restartedMain] aWebConfiguration$JpaWebMvcConfiguration : spring.jpa.open-in-view is enabled by default. Therefore, database queries may be performed during view rendering. Explicitly configure spring.jpa.open-in-view to disable this warning
2018-10-16 10:57:51.180  INFO 10992 --- [restartedMain] s.w.s.m.m.a.RequestMappingHandlerMapping : Mapped "{[/hello],methods=[GET]}" onto public java.lang.String org.johnny.h2test.controller.HelloController.hello(javax.servlet.http.HttpServletRequest)
2018-10-16 10:57:51.187  INFO 10992 --- [restartedMain] s.w.s.m.m.a.RequestMappingHandlerMapping : Mapped "{[/error]}" onto public org.springframework.http.ResponseEntity<java.util.Map<java.lang.String, java.lang.Object>> org.springframework.boot.autoconfigure.web.servlet.error.BasicErrorController.error(javax.servlet.http.HttpServletRequest)
2018-10-16 10:57:51.191  INFO 10992 --- [restartedMain] s.w.s.m.m.a.RequestMappingHandlerMapping : Mapped "{[/error],produces=[text/html]}" onto public org.springframework.web.servlet.ModelAndView org.springframework.boot.autoconfigure.web.servlet.error.BasicErrorController.errorHtml(javax.servlet.http.HttpServletRequest,javax.servlet.http.HttpServletResponse)
2018-10-16 10:57:51.241  INFO 10992 --- [restartedMain] o.s.w.s.handler.SimpleUrlHandlerMapping  : Mapped URL path [/webjars/**] onto handler of type [class org.springframework.web.servlet.resource.ResourceHttpRequestHandler]
2018-10-16 10:57:51.241  INFO 10992 --- [restartedMain] o.s.w.s.handler.SimpleUrlHandlerMapping  : Mapped URL path [/**] onto handler of type [class org.springframework.web.servlet.resource.ResourceHttpRequestHandler]
2018-10-16 10:57:51.687  INFO 10992 --- [restartedMain] o.s.b.d.a.OptionalLiveReloadServer       : LiveReload server is running on port 35729
2018-10-16 10:57:51.913  INFO 10992 --- [restartedMain] o.s.j.e.a.AnnotationMBeanExporter        : Registering beans for JMX exposure on startup
2018-10-16 10:57:51.915  INFO 10992 --- [restartedMain] o.s.j.e.a.AnnotationMBeanExporter        : Bean with name 'dataSource' has been autodetected for JMX exposure
2018-10-16 10:57:51.920  INFO 10992 --- [restartedMain] o.s.j.e.a.AnnotationMBeanExporter        : Located MBean 'dataSource': registering with JMX server as MBean [com.zaxxer.hikari:name=dataSource,type=HikariDataSource]
2018-10-16 10:57:52.549  INFO 10992 --- [restartedMain] o.s.b.w.embedded.tomcat.TomcatWebServer  : Tomcat started on port(s): 8080 (http) with context path ''
2018-10-16 10:57:52.553  INFO 10992 --- [restartedMain] org.johnny.h2test.Application            : Started Application in 14.53 seconds (JVM running for 16.535)
2018-10-16 10:57:54.658  INFO 10992 --- [http-nio-8080-exec-2] o.a.c.c.C.[Tomcat].[localhost].[/]       : Initializing Spring FrameworkServlet 'dispatcherServlet'
2018-10-16 10:57:54.658  INFO 10992 --- [http-nio-8080-exec-2] o.s.web.servlet.DispatcherServlet        : FrameworkServlet 'dispatcherServlet': initialization started
2018-10-16 10:57:54.696  INFO 10992 --- [http-nio-8080-exec-2] o.s.web.servlet.DispatcherServlet        : FrameworkServlet 'dispatcherServlet': initialization completed in 38 ms
2018-10-16 11:02:06.166  INFO 13800 --- [restartedMain] org.johnny.h2test.Application            : Starting Application on BMD3-W7 with PID 13800 (C:\Users\z.xin\IdeaProjects\h2test\target\classes started by z.xin in C:\Users\z.xin\IdeaProjects\h2test)
2018-10-16 11:02:06.172  INFO 13800 --- [restartedMain] org.johnny.h2test.Application            : No active profile set, falling back to default profiles: default
2018-10-16 11:02:06.430  INFO 13800 --- [restartedMain] ConfigServletWebServerApplicationContext : Refreshing org.springframework.boot.web.servlet.context.AnnotationConfigServletWebServerApplicationContext@7d11e180: startup date [Tue Oct 16 11:02:06 CEST 2018]; root of context hierarchy
2018-10-16 11:02:09.072  INFO 13800 --- [restartedMain] trationDelegate$BeanPostProcessorChecker : Bean 'org.springframework.transaction.annotation.ProxyTransactionManagementConfiguration' of type [org.springframework.transaction.annotation.ProxyTransactionManagementConfiguration$$EnhancerBySpringCGLIB$$7fffe779] is not eligible for getting processed by all BeanPostProcessors (for example: not eligible for auto-proxying)
2018-10-16 11:02:10.549  INFO 13800 --- [restartedMain] o.s.b.w.embedded.tomcat.TomcatWebServer  : Tomcat initialized with port(s): 8080 (http)
2018-10-16 11:02:10.836  INFO 13800 --- [restartedMain] o.apache.catalina.core.StandardService   : Starting service [Tomcat]
2018-10-16 11:02:10.838  INFO 13800 --- [restartedMain] org.apache.catalina.core.StandardEngine  : Starting Servlet Engine: Apache Tomcat/8.5.34
2018-10-16 11:02:10.864  INFO 13800 --- [localhost-startStop-1] o.a.catalina.core.AprLifecycleListener   : The APR based Apache Tomcat Native library which allows optimal performance in production environments was not found on the java.library.path: [C:\Program Files\Java\jdk1.8.0_162\bin;C:\Windows\Sun\Java\bin;C:\Windows\system32;C:\Windows;C:\python\Scripts\;C:\python\;C:\Program Files (x86)\Python\Scripts\;C:\Program Files (x86)\Python\;C:\Program Files (x86)\Common Files\Oracle\Java\javapath;C:\ProgramData\Oracle\Java\javapath;C:\Program Files\Java\jdk1.8.0_162\bin;C:\Windows\system32;C:\Windows;C:\Windows\System32\Wbem;C:\Windows\System32\WindowsPowerShell\v1.0\;C:\Program Files\Common Files\ThinPrint\;C:\Program Files (x86)\Microsoft SQL Server\80\Tools\Binn\;C:\Program Files (x86)\Kaspersky Lab\Kaspersky Security for Virtualization 4.0 Light Agent\;C:\Program Files\PuTTY\;C:\Program Files\dotnet\;C:\Program Files\mingw-w64\x86_64-7.2.0-win32-sjlj-rt_v5-rev1\mingw64\bin;C:\Windows\Microsoft.NET\Framework64\v4.0.30319;C:\Dropbox\myEnvironmentPath;C:\Dropbox\myEnvironmentPath\jni4net-0.8.8.0-bin\bin;C:\Program Files\Git\cmd;C:\Program Files\TortoiseSVN\bin;C:\Program Files\nodejs\;C:\Program Files\apache-maven-3.5.4\bin;;C:\Program Files\Microsoft VS Code\bin;C:\Users\z.xin\AppData\Roaming\npm;C:\Users\z.xin\AppData\Local\Programs\Microsoft VS Code\bin;.]
2018-10-16 11:02:11.063  INFO 13800 --- [localhost-startStop-1] o.a.c.c.C.[Tomcat].[localhost].[/]       : Initializing Spring embedded WebApplicationContext
2018-10-16 11:02:11.063  INFO 13800 --- [localhost-startStop-1] o.s.web.context.ContextLoader            : Root WebApplicationContext: initialization completed in 4633 ms
2018-10-16 11:02:11.164  INFO 13800 --- [localhost-startStop-1] o.s.b.w.servlet.ServletRegistrationBean  : Servlet dispatcherServlet mapped to [/]
2018-10-16 11:02:11.165  INFO 13800 --- [localhost-startStop-1] o.s.b.w.servlet.ServletRegistrationBean  : Servlet webServlet mapped to [/h2console/*]
2018-10-16 11:02:11.168  INFO 13800 --- [localhost-startStop-1] o.s.b.w.servlet.FilterRegistrationBean   : Mapping filter: 'characterEncodingFilter' to: [/*]
2018-10-16 11:02:11.168  INFO 13800 --- [localhost-startStop-1] o.s.b.w.servlet.FilterRegistrationBean   : Mapping filter: 'hiddenHttpMethodFilter' to: [/*]
2018-10-16 11:02:11.169  INFO 13800 --- [localhost-startStop-1] o.s.b.w.servlet.FilterRegistrationBean   : Mapping filter: 'httpPutFormContentFilter' to: [/*]
2018-10-16 11:02:11.169  INFO 13800 --- [localhost-startStop-1] o.s.b.w.servlet.FilterRegistrationBean   : Mapping filter: 'requestContextFilter' to: [/*]
2018-10-16 11:02:11.531  INFO 13800 --- [restartedMain] com.zaxxer.hikari.HikariDataSource       : HikariPool-1 - Starting...
2018-10-16 11:02:11.812  INFO 13800 --- [restartedMain] com.zaxxer.hikari.HikariDataSource       : HikariPool-1 - Start completed.
2018-10-16 11:02:11.908  INFO 13800 --- [restartedMain] j.LocalContainerEntityManagerFactoryBean : Building JPA container EntityManagerFactory for persistence unit 'default'
2018-10-16 11:02:11.958  INFO 13800 --- [restartedMain] o.hibernate.jpa.internal.util.LogHelper  : HHH000204: Processing PersistenceUnitInfo [
	name: default
	...]
2018-10-16 11:02:12.128  INFO 13800 --- [restartedMain] org.hibernate.Version                    : HHH000412: Hibernate Core {5.2.17.Final}
2018-10-16 11:02:12.136  INFO 13800 --- [restartedMain] org.hibernate.cfg.Environment            : HHH000206: hibernate.properties not found
2018-10-16 11:02:12.205  INFO 13800 --- [restartedMain] o.hibernate.annotations.common.Version   : HCANN000001: Hibernate Commons Annotations {5.0.1.Final}
2018-10-16 11:02:12.458  INFO 13800 --- [restartedMain] org.hibernate.dialect.Dialect            : HHH000400: Using dialect: org.hibernate.dialect.H2Dialect
2018-10-16 11:02:12.651  INFO 13800 --- [restartedMain] o.h.e.boot.internal.EnversServiceImpl    : Envers integration enabled? : true
2018-10-16 11:02:15.539  INFO 13800 --- [restartedMain] o.h.t.schema.internal.SchemaCreatorImpl  : HHH000476: Executing import script 'org.hibernate.tool.schema.internal.exec.ScriptSourceInputNonExistentImpl@65a69e23'
2018-10-16 11:02:15.546  INFO 13800 --- [restartedMain] j.LocalContainerEntityManagerFactoryBean : Initialized JPA EntityManagerFactory for persistence unit 'default'
2018-10-16 11:02:15.657  INFO 13800 --- [restartedMain] o.s.w.s.handler.SimpleUrlHandlerMapping  : Mapped URL path [/**/favicon.ico] onto handler of type [class org.springframework.web.servlet.resource.ResourceHttpRequestHandler]
2018-10-16 11:02:16.312  INFO 13800 --- [restartedMain] o.s.jdbc.datasource.init.ScriptUtils     : Executing SQL script from class path resource [db/data.sql]
2018-10-16 11:02:16.319  INFO 13800 --- [restartedMain] o.s.jdbc.datasource.init.ScriptUtils     : Executed SQL script from class path resource [db/data.sql] in 6 ms.
2018-10-16 11:02:16.664  INFO 13800 --- [restartedMain] s.w.s.m.m.a.RequestMappingHandlerAdapter : Looking for @ControllerAdvice: org.springframework.boot.web.servlet.context.AnnotationConfigServletWebServerApplicationContext@7d11e180: startup date [Tue Oct 16 11:02:06 CEST 2018]; root of context hierarchy
2018-10-16 11:02:16.718  WARN 13800 --- [restartedMain] aWebConfiguration$JpaWebMvcConfiguration : spring.jpa.open-in-view is enabled by default. Therefore, database queries may be performed during view rendering. Explicitly configure spring.jpa.open-in-view to disable this warning
2018-10-16 11:02:16.768  INFO 13800 --- [restartedMain] s.w.s.m.m.a.RequestMappingHandlerMapping : Mapped "{[/hello],methods=[GET]}" onto public java.lang.String org.johnny.h2test.controller.HelloController.hello(javax.servlet.http.HttpServletRequest)
2018-10-16 11:02:16.771  INFO 13800 --- [restartedMain] s.w.s.m.m.a.RequestMappingHandlerMapping : Mapped "{[/error]}" onto public org.springframework.http.ResponseEntity<java.util.Map<java.lang.String, java.lang.Object>> org.springframework.boot.autoconfigure.web.servlet.error.BasicErrorController.error(javax.servlet.http.HttpServletRequest)
2018-10-16 11:02:16.772  INFO 13800 --- [restartedMain] s.w.s.m.m.a.RequestMappingHandlerMapping : Mapped "{[/error],produces=[text/html]}" onto public org.springframework.web.servlet.ModelAndView org.springframework.boot.autoconfigure.web.servlet.error.BasicErrorController.errorHtml(javax.servlet.http.HttpServletRequest,javax.servlet.http.HttpServletResponse)
2018-10-16 11:02:16.837  INFO 13800 --- [restartedMain] o.s.w.s.handler.SimpleUrlHandlerMapping  : Mapped URL path [/webjars/**] onto handler of type [class org.springframework.web.servlet.resource.ResourceHttpRequestHandler]
2018-10-16 11:02:16.837  INFO 13800 --- [restartedMain] o.s.w.s.handler.SimpleUrlHandlerMapping  : Mapped URL path [/**] onto handler of type [class org.springframework.web.servlet.resource.ResourceHttpRequestHandler]
2018-10-16 11:02:17.126  INFO 13800 --- [restartedMain] o.s.b.d.a.OptionalLiveReloadServer       : LiveReload server is running on port 35729
2018-10-16 11:02:17.215  INFO 13800 --- [restartedMain] o.s.j.e.a.AnnotationMBeanExporter        : Registering beans for JMX exposure on startup
2018-10-16 11:02:17.221  INFO 13800 --- [restartedMain] o.s.j.e.a.AnnotationMBeanExporter        : Bean with name 'dataSource' has been autodetected for JMX exposure
2018-10-16 11:02:17.230  INFO 13800 --- [restartedMain] o.s.j.e.a.AnnotationMBeanExporter        : Located MBean 'dataSource': registering with JMX server as MBean [com.zaxxer.hikari:name=dataSource,type=HikariDataSource]
2018-10-16 11:02:17.409  INFO 13800 --- [restartedMain] o.s.b.w.embedded.tomcat.TomcatWebServer  : Tomcat started on port(s): 8080 (http) with context path ''
2018-10-16 11:02:17.413  INFO 13800 --- [restartedMain] org.johnny.h2test.Application            : Started Application in 13.831 seconds (JVM running for 15.537)
2018-10-16 11:02:18.008  INFO 13800 --- [http-nio-8080-exec-4] o.a.c.c.C.[Tomcat].[localhost].[/]       : Initializing Spring FrameworkServlet 'dispatcherServlet'
2018-10-16 11:02:18.008  INFO 13800 --- [http-nio-8080-exec-4] o.s.web.servlet.DispatcherServlet        : FrameworkServlet 'dispatcherServlet': initialization started
2018-10-16 11:02:18.082  INFO 13800 --- [http-nio-8080-exec-4] o.s.web.servlet.DispatcherServlet        : FrameworkServlet 'dispatcherServlet': initialization completed in 74 ms
2018-10-16 13:03:30.581  INFO 1712 --- [restartedMain] org.johnny.h2test.Application            : Starting Application on BMD3-W7 with PID 1712 (C:\Users\z.xin\IdeaProjects\h2test\target\classes started by z.xin in C:\Users\z.xin\IdeaProjects\h2test)
2018-10-16 13:03:30.586  INFO 1712 --- [restartedMain] org.johnny.h2test.Application            : No active profile set, falling back to default profiles: default
2018-10-16 13:03:30.683  INFO 1712 --- [restartedMain] ConfigServletWebServerApplicationContext : Refreshing org.springframework.boot.web.servlet.context.AnnotationConfigServletWebServerApplicationContext@1e8ef98a: startup date [Tue Oct 16 13:03:30 CEST 2018]; root of context hierarchy
2018-10-16 13:03:33.600  INFO 1712 --- [restartedMain] trationDelegate$BeanPostProcessorChecker : Bean 'org.springframework.transaction.annotation.ProxyTransactionManagementConfiguration' of type [org.springframework.transaction.annotation.ProxyTransactionManagementConfiguration$$EnhancerBySpringCGLIB$$ffbe1e3c] is not eligible for getting processed by all BeanPostProcessors (for example: not eligible for auto-proxying)
2018-10-16 13:03:35.937  INFO 1712 --- [restartedMain] o.s.b.w.embedded.tomcat.TomcatWebServer  : Tomcat initialized with port(s): 8080 (http)
2018-10-16 13:03:36.012  INFO 1712 --- [restartedMain] o.apache.catalina.core.StandardService   : Starting service [Tomcat]
2018-10-16 13:03:36.013  INFO 1712 --- [restartedMain] org.apache.catalina.core.StandardEngine  : Starting Servlet Engine: Apache Tomcat/8.5.34
2018-10-16 13:03:36.261  INFO 1712 --- [localhost-startStop-1] o.a.catalina.core.AprLifecycleListener   : The APR based Apache Tomcat Native library which allows optimal performance in production environments was not found on the java.library.path: [C:\Program Files\Java\jdk1.8.0_162\bin;C:\Windows\Sun\Java\bin;C:\Windows\system32;C:\Windows;C:\python\Scripts\;C:\python\;C:\Program Files (x86)\Python\Scripts\;C:\Program Files (x86)\Python\;C:\Program Files (x86)\Common Files\Oracle\Java\javapath;C:\ProgramData\Oracle\Java\javapath;C:\Program Files\Java\jdk1.8.0_162\bin;C:\Windows\system32;C:\Windows;C:\Windows\System32\Wbem;C:\Windows\System32\WindowsPowerShell\v1.0\;C:\Program Files\Common Files\ThinPrint\;C:\Program Files (x86)\Microsoft SQL Server\80\Tools\Binn\;C:\Program Files (x86)\Kaspersky Lab\Kaspersky Security for Virtualization 4.0 Light Agent\;C:\Program Files\PuTTY\;C:\Program Files\dotnet\;C:\Program Files\mingw-w64\x86_64-7.2.0-win32-sjlj-rt_v5-rev1\mingw64\bin;C:\Windows\Microsoft.NET\Framework64\v4.0.30319;C:\Dropbox\myEnvironmentPath;C:\Dropbox\myEnvironmentPath\jni4net-0.8.8.0-bin\bin;C:\Program Files\Git\cmd;C:\Program Files\TortoiseSVN\bin;C:\Program Files\nodejs\;C:\Program Files\apache-maven-3.5.4\bin;;C:\Program Files\Microsoft VS Code\bin;C:\Users\z.xin\AppData\Roaming\npm;C:\Users\z.xin\AppData\Local\Programs\Microsoft VS Code\bin;.]
2018-10-16 13:03:36.449  INFO 1712 --- [localhost-startStop-1] o.a.c.c.C.[Tomcat].[localhost].[/]       : Initializing Spring embedded WebApplicationContext
2018-10-16 13:03:36.449  INFO 1712 --- [localhost-startStop-1] o.s.web.context.ContextLoader            : Root WebApplicationContext: initialization completed in 5766 ms
2018-10-16 13:03:36.579  INFO 1712 --- [localhost-startStop-1] o.s.b.w.servlet.ServletRegistrationBean  : Servlet dispatcherServlet mapped to [/]
2018-10-16 13:03:36.588  INFO 1712 --- [localhost-startStop-1] o.s.b.w.servlet.ServletRegistrationBean  : Servlet webServlet mapped to [/h2console/*]
2018-10-16 13:03:36.591  INFO 1712 --- [localhost-startStop-1] o.s.b.w.servlet.FilterRegistrationBean   : Mapping filter: 'characterEncodingFilter' to: [/*]
2018-10-16 13:03:36.591  INFO 1712 --- [localhost-startStop-1] o.s.b.w.servlet.FilterRegistrationBean   : Mapping filter: 'hiddenHttpMethodFilter' to: [/*]
2018-10-16 13:03:36.591  INFO 1712 --- [localhost-startStop-1] o.s.b.w.servlet.FilterRegistrationBean   : Mapping filter: 'httpPutFormContentFilter' to: [/*]
2018-10-16 13:03:36.592  INFO 1712 --- [localhost-startStop-1] o.s.b.w.servlet.FilterRegistrationBean   : Mapping filter: 'requestContextFilter' to: [/*]
2018-10-16 13:03:36.926  INFO 1712 --- [restartedMain] com.zaxxer.hikari.HikariDataSource       : HikariPool-1 - Starting...
2018-10-16 13:03:37.169  INFO 1712 --- [restartedMain] com.zaxxer.hikari.HikariDataSource       : HikariPool-1 - Start completed.
2018-10-16 13:03:37.233  INFO 1712 --- [restartedMain] j.LocalContainerEntityManagerFactoryBean : Building JPA container EntityManagerFactory for persistence unit 'default'
2018-10-16 13:03:37.259  INFO 1712 --- [restartedMain] o.hibernate.jpa.internal.util.LogHelper  : HHH000204: Processing PersistenceUnitInfo [
	name: default
	...]
2018-10-16 13:03:37.409  INFO 1712 --- [restartedMain] org.hibernate.Version                    : HHH000412: Hibernate Core {5.2.17.Final}
2018-10-16 13:03:37.411  INFO 1712 --- [restartedMain] org.hibernate.cfg.Environment            : HHH000206: hibernate.properties not found
2018-10-16 13:03:37.542  INFO 1712 --- [restartedMain] o.hibernate.annotations.common.Version   : HCANN000001: Hibernate Commons Annotations {5.0.1.Final}
2018-10-16 13:03:37.766  INFO 1712 --- [restartedMain] org.hibernate.dialect.Dialect            : HHH000400: Using dialect: org.hibernate.dialect.H2Dialect
2018-10-16 13:03:37.914  INFO 1712 --- [restartedMain] o.h.e.boot.internal.EnversServiceImpl    : Envers integration enabled? : true
2018-10-16 13:03:40.756  INFO 1712 --- [restartedMain] o.h.t.schema.internal.SchemaCreatorImpl  : HHH000476: Executing import script 'org.hibernate.tool.schema.internal.exec.ScriptSourceInputNonExistentImpl@202dd6a7'
2018-10-16 13:03:40.759  INFO 1712 --- [restartedMain] j.LocalContainerEntityManagerFactoryBean : Initialized JPA EntityManagerFactory for persistence unit 'default'
2018-10-16 13:03:40.900  INFO 1712 --- [restartedMain] o.s.w.s.handler.SimpleUrlHandlerMapping  : Mapped URL path [/**/favicon.ico] onto handler of type [class org.springframework.web.servlet.resource.ResourceHttpRequestHandler]
2018-10-16 13:03:41.641  INFO 1712 --- [restartedMain] o.s.jdbc.datasource.init.ScriptUtils     : Executing SQL script from class path resource [db/data.sql]
2018-10-16 13:03:41.646  INFO 1712 --- [restartedMain] o.s.jdbc.datasource.init.ScriptUtils     : Executed SQL script from class path resource [db/data.sql] in 5 ms.
2018-10-16 13:03:41.994  INFO 1712 --- [restartedMain] s.w.s.m.m.a.RequestMappingHandlerAdapter : Looking for @ControllerAdvice: org.springframework.boot.web.servlet.context.AnnotationConfigServletWebServerApplicationContext@1e8ef98a: startup date [Tue Oct 16 13:03:30 CEST 2018]; root of context hierarchy
2018-10-16 13:03:42.050  WARN 1712 --- [restartedMain] aWebConfiguration$JpaWebMvcConfiguration : spring.jpa.open-in-view is enabled by default. Therefore, database queries may be performed during view rendering. Explicitly configure spring.jpa.open-in-view to disable this warning
2018-10-16 13:03:42.119  INFO 1712 --- [restartedMain] s.w.s.m.m.a.RequestMappingHandlerMapping : Mapped "{[/hello],methods=[GET]}" onto public java.lang.String org.johnny.h2test.controller.HelloController.hello(javax.servlet.http.HttpServletRequest)
2018-10-16 13:03:42.122  INFO 1712 --- [restartedMain] s.w.s.m.m.a.RequestMappingHandlerMapping : Mapped "{[/error]}" onto public org.springframework.http.ResponseEntity<java.util.Map<java.lang.String, java.lang.Object>> org.springframework.boot.autoconfigure.web.servlet.error.BasicErrorController.error(javax.servlet.http.HttpServletRequest)
2018-10-16 13:03:42.126  INFO 1712 --- [restartedMain] s.w.s.m.m.a.RequestMappingHandlerMapping : Mapped "{[/error],produces=[text/html]}" onto public org.springframework.web.servlet.ModelAndView org.springframework.boot.autoconfigure.web.servlet.error.BasicErrorController.errorHtml(javax.servlet.http.HttpServletRequest,javax.servlet.http.HttpServletResponse)
2018-10-16 13:03:42.174  INFO 1712 --- [restartedMain] o.s.w.s.handler.SimpleUrlHandlerMapping  : Mapped URL path [/webjars/**] onto handler of type [class org.springframework.web.servlet.resource.ResourceHttpRequestHandler]
2018-10-16 13:03:42.175  INFO 1712 --- [restartedMain] o.s.w.s.handler.SimpleUrlHandlerMapping  : Mapped URL path [/**] onto handler of type [class org.springframework.web.servlet.resource.ResourceHttpRequestHandler]
2018-10-16 13:03:42.491  INFO 1712 --- [restartedMain] o.s.b.d.a.OptionalLiveReloadServer       : LiveReload server is running on port 35729
2018-10-16 13:03:42.640  INFO 1712 --- [restartedMain] o.s.j.e.a.AnnotationMBeanExporter        : Registering beans for JMX exposure on startup
2018-10-16 13:03:42.644  INFO 1712 --- [restartedMain] o.s.j.e.a.AnnotationMBeanExporter        : Bean with name 'dataSource' has been autodetected for JMX exposure
2018-10-16 13:03:42.650  INFO 1712 --- [restartedMain] o.s.j.e.a.AnnotationMBeanExporter        : Located MBean 'dataSource': registering with JMX server as MBean [com.zaxxer.hikari:name=dataSource,type=HikariDataSource]
2018-10-16 13:03:42.937  INFO 1712 --- [restartedMain] o.s.b.w.embedded.tomcat.TomcatWebServer  : Tomcat started on port(s): 8080 (http) with context path ''
2018-10-16 13:03:42.979  INFO 1712 --- [restartedMain] org.johnny.h2test.Application            : Started Application in 13.593 seconds (JVM running for 15.433)
2018-10-16 13:03:43.114  INFO 1712 --- [http-nio-8080-exec-9] o.a.c.c.C.[Tomcat].[localhost].[/]       : Initializing Spring FrameworkServlet 'dispatcherServlet'
2018-10-16 13:03:43.114  INFO 1712 --- [http-nio-8080-exec-9] o.s.web.servlet.DispatcherServlet        : FrameworkServlet 'dispatcherServlet': initialization started
2018-10-16 13:03:43.134  INFO 1712 --- [http-nio-8080-exec-9] o.s.web.servlet.DispatcherServlet        : FrameworkServlet 'dispatcherServlet': initialization completed in 20 ms
